[2011-08-30 22:29:41] INFO  WEBrick 1.3.1
[2011-08-30 22:29:41] INFO  ruby 1.9.2 (2011-07-09) [i686-linux]
[2011-08-30 22:29:41] INFO  WEBrick::HTTPServer#start: pid=13799 port=3000
Error during failsafe response: undefined method `render' for #<ActionView::Base:0xb4203b4>
  /usr/local/ruby/lib/ruby/gems/1.9.1/gems/actionpack-3.0.9/lib/action_dispatch/middleware/show_exceptions.rb:88:in `rescue_action_locally'
  /usr/local/ruby/lib/ruby/gems/1.9.1/gems/actionpack-3.0.9/lib/action_dispatch/middleware/show_exceptions.rb:68:in `render_exception'
  /usr/local/ruby/lib/ruby/gems/1.9.1/gems/actionpack-3.0.9/lib/action_dispatch/middleware/show_exceptions.rb:59:in `call'
  /usr/local/ruby/lib/ruby/gems/1.9.1/gems/railties-3.0.9/lib/rails/rack/logger.rb:13:in `call'
  /usr/local/ruby/lib/ruby/gems/1.9.1/gems/rack-1.2.3/lib/rack/runtime.rb:17:in `call'
  /usr/local/ruby/lib/ruby/gems/1.9.1/gems/activesupport-3.0.9/lib/active_support/cache/strategy/local_cache.rb:72:in `call'
  /usr/local/ruby/lib/ruby/gems/1.9.1/gems/rack-1.2.3/lib/rack/lock.rb:11:in `block in call'
  <internal:prelude>:10:in `synchronize'
  /usr/local/ruby/lib/ruby/gems/1.9.1/gems/rack-1.2.3/lib/rack/lock.rb:11:in `call'
  /usr/local/ruby/lib/ruby/gems/1.9.1/gems/actionpack-3.0.9/lib/action_dispatch/middleware/static.rb:30:in `call'
  /usr/local/ruby/lib/ruby/gems/1.9.1/gems/railties-3.0.9/lib/rails/application.rb:168:in `call'
  /usr/local/ruby/lib/ruby/gems/1.9.1/gems/railties-3.0.9/lib/rails/application.rb:77:in `method_missing'
  /usr/local/ruby/lib/ruby/gems/1.9.1/gems/railties-3.0.9/lib/rails/rack/log_tailer.rb:14:in `call'
  /usr/local/ruby/lib/ruby/gems/1.9.1/gems/rack-1.2.3/lib/rack/content_length.rb:13:in `call'
  /usr/local/ruby/lib/ruby/gems/1.9.1/gems/rack-1.2.3/lib/rack/handler/webrick.rb:52:in `service'
  /usr/local/ruby/lib/ruby/1.9.1/webrick/httpserver.rb:111:in `service'
  /usr/local/ruby/lib/ruby/1.9.1/webrick/httpserver.rb:70:in `run'
  /usr/local/ruby/lib/ruby/1.9.1/webrick/server.rb:183:in `block in start_thread'
Error during failsafe response: undefined method `render' for #<ActionView::Base:0xaf2dd34>
  /usr/local/ruby/lib/ruby/gems/1.9.1/gems/actionpack-3.0.9/lib/action_dispatch/middleware/show_exceptions.rb:88:in `rescue_action_locally'
  /usr/local/ruby/lib/ruby/gems/1.9.1/gems/actionpack-3.0.9/lib/action_dispatch/middleware/show_exceptions.rb:68:in `render_exception'
  /usr/local/ruby/lib/ruby/gems/1.9.1/gems/actionpack-3.0.9/lib/action_dispatch/middleware/show_exceptions.rb:59:in `call'
  /usr/local/ruby/lib/ruby/gems/1.9.1/gems/railties-3.0.9/lib/rails/rack/logger.rb:13:in `call'
  /usr/local/ruby/lib/ruby/gems/1.9.1/gems/rack-1.2.3/lib/rack/runtime.rb:17:in `call'
  /usr/local/ruby/lib/ruby/gems/1.9.1/gems/activesupport-3.0.9/lib/active_support/cache/strategy/local_cache.rb:72:in `call'
  /usr/local/ruby/lib/ruby/gems/1.9.1/gems/rack-1.2.3/lib/rack/lock.rb:11:in `block in call'
  <internal:prelude>:10:in `synchronize'
  /usr/local/ruby/lib/ruby/gems/1.9.1/gems/rack-1.2.3/lib/rack/lock.rb:11:in `call'
  /usr/local/ruby/lib/ruby/gems/1.9.1/gems/actionpack-3.0.9/lib/action_dispatch/middleware/static.rb:30:in `call'
  /usr/local/ruby/lib/ruby/gems/1.9.1/gems/railties-3.0.9/lib/rails/application.rb:168:in `call'
  /usr/local/ruby/lib/ruby/gems/1.9.1/gems/railties-3.0.9/lib/rails/application.rb:77:in `method_missing'
  /usr/local/ruby/lib/ruby/gems/1.9.1/gems/railties-3.0.9/lib/rails/rack/log_tailer.rb:14:in `call'
  /usr/local/ruby/lib/ruby/gems/1.9.1/gems/rack-1.2.3/lib/rack/content_length.rb:13:in `call'
  /usr/local/ruby/lib/ruby/gems/1.9.1/gems/rack-1.2.3/lib/rack/handler/webrick.rb:52:in `service'
  /usr/local/ruby/lib/ruby/1.9.1/webrick/httpserver.rb:111:in `service'
  /usr/local/ruby/lib/ruby/1.9.1/webrick/httpserver.rb:70:in `run'
  /usr/local/ruby/lib/ruby/1.9.1/webrick/server.rb:183:in `block in start_thread'
[2011-08-30 22:29:48] INFO  going to shutdown ...
[2011-08-30 22:29:48] INFO  WEBrick::HTTPServer#start done.
=> Booting WEBrick
=> Rails 3.0.9 application starting in development on http://74.63.15.96:3000
=> Call with -d to detach
=> Ctrl-C to shutdown server


Started GET "/status/twitter" for 180.178.138.208 at 2011-08-30 22:29:42 +0400

NoMethodError (undefined method `process_view_paths' for ActionView::Base:Class):
  



Started GET "/status/facebook" for 180.178.138.208 at 2011-08-30 22:29:43 +0400

NoMethodError (undefined method `process_view_paths' for ActionView::Base:Class):
  

DEPRECATION WARNING: config.action_view.debug_rjs will be removed in 3.1, from 3.1 onwards you will need to install prototype-rails to continue to use RJS templates . (called from service at /usr/local/ruby/lib/ruby/1.9.1/webrick/httpserver.rb:111)


Started GET "/status/facebook" for 180.178.138.208 at 2011-08-30 22:29:43 +0400
  Processing by StatusController#facebook as 
  [1m[36mUser Load (0.2ms)[0m  [1mSELECT `users`.* FROM `users` LIMIT 1[0m
  [1m[35mSQL (0.1ms)[0m  SELECT COUNT(*) FROM `friends` WHERE (`friends`.user_id = 1)
  [1m[36mCACHE (0.0ms)[0m  [1mSELECT `users`.* FROM `users` LIMIT 1[0m
  [1m[35mSQL (0.4ms)[0m  SHOW TABLES
  [1m[36mSQL (0.1ms)[0m  [1mSELECT COUNT(*) FROM `friends` WHERE `friends`.`fb_fetched` = 1 AND (`friends`.user_id = 1)[0m
  [1m[35mSQL (0.1ms)[0m  SELECT COUNT(*) FROM `facebook_statuses`
Completed 200 OK in 159ms (Views: 8.1ms | ActiveRecord: 0.8ms)


Started GET "/status/twitter" for 180.178.138.208 at 2011-08-30 22:29:43 +0400
  Processing by StatusController#twitter as 
  [1m[36mSQL (0.1ms)[0m  [1mSELECT COUNT(*) FROM `twitter_users`[0m
  [1m[35mSQL (0.1ms)[0m  SELECT COUNT(*) FROM `twitter_users` WHERE `twitter_users`.`twt_fetched` = 1
  [1m[36mSQL (0.1ms)[0m  [1mSELECT COUNT(*) FROM `tweets`[0m
Completed 200 OK in 29ms (Views: 8.1ms | ActiveRecord: 0.2ms)


Started GET "/status/facebook" for 180.178.138.208 at 2011-08-30 22:29:46 +0400
  Processing by StatusController#facebook as 
  [1m[35mUser Load (0.1ms)[0m  SELECT `users`.* FROM `users` LIMIT 1
  [1m[36mSQL (0.1ms)[0m  [1mSELECT COUNT(*) FROM `friends` WHERE (`friends`.user_id = 1)[0m
  [1m[35mCACHE (0.0ms)[0m  SELECT `users`.* FROM `users` LIMIT 1
  [1m[36mSQL (0.1ms)[0m  [1mSELECT COUNT(*) FROM `friends` WHERE `friends`.`fb_fetched` = 1 AND (`friends`.user_id = 1)[0m
  [1m[35mSQL (0.1ms)[0m  SELECT COUNT(*) FROM `facebook_statuses`
Completed 200 OK in 82ms (Views: 8.4ms | ActiveRecord: 0.3ms)


Started GET "/status/twitter" for 180.178.138.208 at 2011-08-30 22:29:46 +0400
  Processing by StatusController#twitter as 
  [1m[36mSQL (0.1ms)[0m  [1mSELECT COUNT(*) FROM `twitter_users`[0m
  [1m[35mSQL (0.1ms)[0m  SELECT COUNT(*) FROM `twitter_users` WHERE `twitter_users`.`twt_fetched` = 1
  [1m[36mSQL (0.1ms)[0m  [1mSELECT COUNT(*) FROM `tweets`[0m
Completed 200 OK in 30ms (Views: 8.2ms | ActiveRecord: 0.2ms)


Started GET "/status/facebook" for 180.178.138.208 at 2011-08-30 22:29:47 +0400
  Processing by StatusController#facebook as 
  [1m[35mUser Load (0.1ms)[0m  SELECT `users`.* FROM `users` LIMIT 1
  [1m[36mSQL (0.1ms)[0m  [1mSELECT COUNT(*) FROM `friends` WHERE (`friends`.user_id = 1)[0m
  [1m[35mCACHE (0.0ms)[0m  SELECT `users`.* FROM `users` LIMIT 1
  [1m[36mSQL (0.1ms)[0m  [1mSELECT COUNT(*) FROM `friends` WHERE `friends`.`fb_fetched` = 1 AND (`friends`.user_id = 1)[0m
  [1m[35mSQL (0.1ms)[0m  SELECT COUNT(*) FROM `facebook_statuses`
Completed 200 OK in 85ms (Views: 8.0ms | ActiveRecord: 0.3ms)


Started GET "/status/twitter" for 180.178.138.208 at 2011-08-30 22:29:47 +0400
  Processing by StatusController#twitter as 
  [1m[36mSQL (0.1ms)[0m  [1mSELECT COUNT(*) FROM `twitter_users`[0m
  [1m[35mSQL (0.1ms)[0m  SELECT COUNT(*) FROM `twitter_users` WHERE `twitter_users`.`twt_fetched` = 1
  [1m[36mSQL (0.1ms)[0m  [1mSELECT COUNT(*) FROM `tweets`[0m
Completed 200 OK in 30ms (Views: 7.9ms | ActiveRecord: 0.2ms)
Exiting
